Glasgow Haskell Compiler, Version 7.8.2, stage 2 booted by GHC version 7.4.1
Using binary package database: /usr/lib/ghc-7.8.2/package.conf.d/package.cache
Using binary package database: /home/d/.ghc/x86_64-linux-7.8.2/package.conf.d/package.cache
hiding package transformers-0.3.0.0 to avoid conflict with later version transformers-0.4.1.0
wired-in package ghc-prim mapped to ghc-prim-0.3.1.0-948744e1f99cc8bcc7c7d3ba60c7c2d8
wired-in package integer-gmp mapped to integer-gmp-0.5.1.0-dc47f6b546fc171f67a7f7d311684a99
wired-in package base mapped to base-4.7.0.0-018311399e3b6350d5be3a16b144df9b
wired-in package rts mapped to builtin_rts
wired-in package template-haskell mapped to template-haskell-2.9.0.0-dcc8c210fb02937e104bc1784d7b0f06
wired-in package dph-seq not found.
wired-in package dph-par not found.
hiding package transformers-0.3.0.0 to avoid conflict with later version transformers-0.4.1.0
wired-in package ghc-prim mapped to ghc-prim-0.3.1.0-948744e1f99cc8bcc7c7d3ba60c7c2d8
wired-in package integer-gmp mapped to integer-gmp-0.5.1.0-dc47f6b546fc171f67a7f7d311684a99
wired-in package base mapped to base-4.7.0.0-018311399e3b6350d5be3a16b144df9b
wired-in package rts mapped to builtin_rts
wired-in package template-haskell mapped to template-haskell-2.9.0.0-dcc8c210fb02937e104bc1784d7b0f06
wired-in package dph-seq not found.
wired-in package dph-par not found.
*** Chasing dependencies:
Chasing modules from: *src/Core/Int.hs
Stable obj: []
Stable BCO: []
Ready for upsweep
  [NONREC
      ModSummary {
         ms_hs_date = 2014-06-22 07:42:17.835582118 UTC
         ms_mod = main:Core.Int,
         ms_textual_imps = [import (implicit) Prelude]
         ms_srcimps = []
      }]
*** Deleting temp files:
compile: input file src/Core/Int.hs
Created temporary directory: /tmp/ghc3123_0
*** Checking old interface for main:Core.Int:
[1 of 1] Compiling Core.Int         ( src/Core/Int.hs, src/Core/Int.o )
*** Parser:

==================== Parser ====================
module Core.Int (
        x, y
    ) where
x :: Int
x = 41
y = 42


*** Renamer/typechecker:
TYPE SIGNATURES
  x :: Int
  y :: Integer
TYPE CONSTRUCTORS
COERCION AXIOMS
Dependent modules: []
Dependent packages: [base, ghc-prim, integer-gmp]

==================== Typechecker ====================
AbsBinds [] []
  {Exports: [y <= y
               <>]
   Exported types: y :: Integer
   Binds: y = 42}
AbsBinds [] []
  {Exports: [x <= x
               <>]
   Exported types: x :: Int
   Binds: x = 41}


src/Core/Int.hs:9:1: Warning:
    Top-level binding with no type signature: y :: Integer

src/Core/Int.hs:9:5: Warning:
    Defaulting the following constraint(s) to type ‘Integer’
      (Num a0) arising from the literal ‘42’
    In the expression: 42
    In an equation for ‘y’: y = 42
*** Desugar:

==================== Desugar (after optimization) ====================
Result size of Desugar (after optimization)
  = {terms: 5, types: 2, coercions: 0}

Core.Int.x :: GHC.Types.Int
Core.Int.x = GHC.Types.I# 41

Core.Int.y :: GHC.Integer.Type.Integer
Core.Int.y = __integer 42



*** Core Linted result of Desugar (after optimization):
*** Simplifier:
SimplBind [main:Core.Int.x{v r1} [lidx]]
SimplBind [main:Core.Int.y{v r0} [lidx]]

==================== Simplifier ====================
  Max iterations = 4
  SimplMode {Phase = InitialPhase [Gentle],
             no inline,
             rules,
             eta-expand,
             no case-of-case}
Result size of Simplifier = {terms: 5, types: 2, coercions: 0}

Core.Int.x :: GHC.Types.Int
Core.Int.x = GHC.Types.I# 41

Core.Int.y :: GHC.Integer.Type.Integer
Core.Int.y = __integer 42



*** Core Linted result of Simplifier:
*** Specialise:

==================== Specialise ====================
Result size of Specialise = {terms: 5, types: 2, coercions: 0}

Core.Int.x :: GHC.Types.Int
Core.Int.x = GHC.Types.I# 41

Core.Int.y :: GHC.Integer.Type.Integer
Core.Int.y = __integer 42



*** Core Linted result of Specialise:
*** Float out(FOS {Lam = Just 0, Consts = True, PAPs = False}):

==================== Levels added: ====================
<Core.Int.x,<0,0>>
<Core.Int.x,<0,0>> = GHC.Types.I# 41
<Core.Int.y,<0,0>>
<Core.Int.y,<0,0>> = __integer 42



==================== Float out(FOS {Lam = Just 0, Consts = True, PAPs = False}) ====================
Result size of Float out(FOS {Lam = Just 0,
                              Consts = True,
                              PAPs = False})
  = {terms: 5, types: 2, coercions: 0}

Core.Int.x :: GHC.Types.Int
Core.Int.x = GHC.Types.I# 41

Core.Int.y :: GHC.Integer.Type.Integer
Core.Int.y = __integer 42



*** Core Linted result of Float out(FOS {Lam = Just 0, Consts = True, PAPs = False}):
*** Float inwards:

==================== Float inwards ====================
Result size of Float inwards = {terms: 5, types: 2, coercions: 0}

Core.Int.x :: GHC.Types.Int
Core.Int.x = GHC.Types.I# 41

Core.Int.y :: GHC.Integer.Type.Integer
Core.Int.y = __integer 42



*** Core Linted result of Float inwards:
*** Simplifier:
SimplBind [main:Core.Int.x{v r1} [lidx]]
SimplBind [main:Core.Int.y{v r0} [lidx]]

==================== Simplifier ====================
  Max iterations = 4
  SimplMode {Phase = 2 [main],
             inline,
             rules,
             eta-expand,
             case-of-case}
Result size of Simplifier = {terms: 5, types: 2, coercions: 0}

Core.Int.x :: GHC.Types.Int
Core.Int.x = GHC.Types.I# 41

Core.Int.y :: GHC.Integer.Type.Integer
Core.Int.y = __integer 42



*** Core Linted result of Simplifier:
*** Simplifier:
SimplBind [main:Core.Int.x{v r1} [lidx]]
SimplBind [main:Core.Int.y{v r0} [lidx]]

==================== Simplifier ====================
  Max iterations = 4
  SimplMode {Phase = 1 [main],
             inline,
             rules,
             eta-expand,
             case-of-case}
Result size of Simplifier = {terms: 5, types: 2, coercions: 0}

Core.Int.x :: GHC.Types.Int
Core.Int.x = GHC.Types.I# 41

Core.Int.y :: GHC.Integer.Type.Integer
Core.Int.y = __integer 42



*** Core Linted result of Simplifier:
*** Simplifier:
SimplBind [main:Core.Int.x{v r1} [lidx]]
SimplBind [main:Core.Int.y{v r0} [lidx]]

==================== Simplifier ====================
  Max iterations = 4
  SimplMode {Phase = 0 [main],
             inline,
             rules,
             eta-expand,
             case-of-case}
Result size of Simplifier = {terms: 5, types: 2, coercions: 0}

Core.Int.x :: GHC.Types.Int
Core.Int.x = GHC.Types.I# 41

Core.Int.y :: GHC.Integer.Type.Integer
Core.Int.y = __integer 42



*** Core Linted result of Simplifier:
*** Demand analysis:

==================== Demand analysis ====================
Result size of Demand analysis = {terms: 5, types: 2, coercions: 0}

Core.Int.x :: GHC.Types.Int
Core.Int.x = GHC.Types.I# 41

Core.Int.y :: GHC.Integer.Type.Integer
Core.Int.y = __integer 42



*** Core Linted result of Demand analysis:
*** Worker Wrapper binds:

==================== Worker Wrapper binds ====================
Result size of Worker Wrapper binds
  = {terms: 5, types: 2, coercions: 0}

Core.Int.x :: GHC.Types.Int
Core.Int.x = GHC.Types.I# 41

Core.Int.y :: GHC.Integer.Type.Integer
Core.Int.y = __integer 42



*** Core Linted result of Worker Wrapper binds:
*** Simplifier:
SimplBind [main:Core.Int.x{v r1} [lidx]]
SimplBind [main:Core.Int.y{v r0} [lidx]]

==================== Simplifier ====================
  Max iterations = 4
  SimplMode {Phase = 0 [post-worker-wrapper],
             inline,
             rules,
             eta-expand,
             case-of-case}
Result size of Simplifier = {terms: 5, types: 2, coercions: 0}

Core.Int.x :: GHC.Types.Int
Core.Int.x = GHC.Types.I# 41

Core.Int.y :: GHC.Integer.Type.Integer
Core.Int.y = __integer 42



*** Core Linted result of Simplifier:
*** Float out(FOS {Lam = Just 0, Consts = True, PAPs = True}):

==================== Levels added: ====================
<Core.Int.x,<0,0>>
<Core.Int.x,<0,0>> = GHC.Types.I# 41
<Core.Int.y,<0,0>>
<Core.Int.y,<0,0>> = __integer 42



==================== Float out(FOS {Lam = Just 0, Consts = True, PAPs = True}) ====================
Result size of Float out(FOS {Lam = Just 0,
                              Consts = True,
                              PAPs = True})
  = {terms: 5, types: 2, coercions: 0}

Core.Int.x :: GHC.Types.Int
Core.Int.x = GHC.Types.I# 41

Core.Int.y :: GHC.Integer.Type.Integer
Core.Int.y = __integer 42



*** Core Linted result of Float out(FOS {Lam = Just 0, Consts = True, PAPs = True}):
*** Common sub-expression:

==================== Common sub-expression ====================
Result size of Common sub-expression
  = {terms: 5, types: 2, coercions: 0}

Core.Int.x :: GHC.Types.Int
Core.Int.x = GHC.Types.I# 41

Core.Int.y :: GHC.Integer.Type.Integer
Core.Int.y = __integer 42



*** Core Linted result of Common sub-expression:
*** Float inwards:

==================== Float inwards ====================
Result size of Float inwards = {terms: 5, types: 2, coercions: 0}

Core.Int.x :: GHC.Types.Int
Core.Int.x = GHC.Types.I# 41

Core.Int.y :: GHC.Integer.Type.Integer
Core.Int.y = __integer 42



*** Core Linted result of Float inwards:
*** Liberate case:

==================== Liberate case ====================
Result size of Liberate case = {terms: 5, types: 2, coercions: 0}

Core.Int.x :: GHC.Types.Int
Core.Int.x = GHC.Types.I# 41

Core.Int.y :: GHC.Integer.Type.Integer
Core.Int.y = __integer 42



*** Core Linted result of Liberate case:
*** Simplifier:
SimplBind [main:Core.Int.x{v r1} [lidx]]
SimplBind [main:Core.Int.y{v r0} [lidx]]

==================== Simplifier ====================
  Max iterations = 4
  SimplMode {Phase = 0 [post-liberate-case],
             inline,
             rules,
             eta-expand,
             case-of-case}
Result size of Simplifier = {terms: 5, types: 2, coercions: 0}

Core.Int.x :: GHC.Types.Int
Core.Int.x = GHC.Types.I# 41

Core.Int.y :: GHC.Integer.Type.Integer
Core.Int.y = __integer 42



*** Core Linted result of Simplifier:
*** SpecConstr:

==================== SpecConstr ====================
Result size of SpecConstr = {terms: 5, types: 2, coercions: 0}

Core.Int.x :: GHC.Types.Int
Core.Int.x = GHC.Types.I# 41

Core.Int.y :: GHC.Integer.Type.Integer
Core.Int.y = __integer 42



*** Core Linted result of SpecConstr:
*** Simplifier:
SimplBind [main:Core.Int.x{v r1} [lidx]]
SimplBind [main:Core.Int.y{v r0} [lidx]]

==================== Simplifier ====================
  Max iterations = 4
  SimplMode {Phase = 0 [final],
             inline,
             rules,
             eta-expand,
             case-of-case}
Result size of Simplifier = {terms: 5, types: 2, coercions: 0}

Core.Int.x :: GHC.Types.Int
Core.Int.x = GHC.Types.I# 41

Core.Int.y :: GHC.Integer.Type.Integer
Core.Int.y = __integer 42



*** Core Linted result of Simplifier:
*** Tidy Core:

==================== Tidy Core ====================
Result size of Tidy Core = {terms: 5, types: 2, coercions: 0}

Core.Int.x :: GHC.Types.Int
Core.Int.x = GHC.Types.I# 41

Core.Int.y :: GHC.Integer.Type.Integer
Core.Int.y = __integer 42



*** Core Linted result of Tidy Core:
*** CorePrep:

==================== CorePrep ====================
Result size of CorePrep = {terms: 6, types: 2, coercions: 0}

Core.Int.x :: GHC.Types.Int
Core.Int.x = GHC.Types.I# 41

Core.Int.y :: GHC.Integer.Type.Integer
Core.Int.y = GHC.Integer.Type.S# 42



*** Core Linted result of CorePrep:
*** Stg2Stg:

==================== STG syntax: ====================
Core.Int.x :: GHC.Types.Int = NO_CCS GHC.Types.I#! [41];
Core.Int.y :: GHC.Integer.Type.Integer =
    NO_CCS GHC.Integer.Type.S#! [42];


*** CodeOutput:
*** New CodeGen:
*** CPSZ:
*** CPSZ:
*** CPSZ:
*** Assembler:
Upsweep completely successful.
*** Deleting temp files:
Warning: deleting non-existent /tmp/ghc3123_0/ghc3123_3.c
Warning: deleting non-existent /tmp/ghc3123_0/ghc3123_1.s
*** Deleting temp files:
*** Deleting temp dirs:
