Glasgow Haskell Compiler, Version 7.8.2, stage 2 booted by GHC version 7.4.1
Using binary package database: /usr/lib/ghc-7.8.2/package.conf.d/package.cache
Using binary package database: /home/d/.ghc/x86_64-linux-7.8.2/package.conf.d/package.cache
hiding package transformers-0.3.0.0 to avoid conflict with later version transformers-0.4.1.0
wired-in package ghc-prim mapped to ghc-prim-0.3.1.0-948744e1f99cc8bcc7c7d3ba60c7c2d8
wired-in package integer-gmp mapped to integer-gmp-0.5.1.0-dc47f6b546fc171f67a7f7d311684a99
wired-in package base mapped to base-4.7.0.0-018311399e3b6350d5be3a16b144df9b
wired-in package rts mapped to builtin_rts
wired-in package template-haskell mapped to template-haskell-2.9.0.0-dcc8c210fb02937e104bc1784d7b0f06
wired-in package dph-seq not found.
wired-in package dph-par not found.
hiding package transformers-0.3.0.0 to avoid conflict with later version transformers-0.4.1.0
wired-in package ghc-prim mapped to ghc-prim-0.3.1.0-948744e1f99cc8bcc7c7d3ba60c7c2d8
wired-in package integer-gmp mapped to integer-gmp-0.5.1.0-dc47f6b546fc171f67a7f7d311684a99
wired-in package base mapped to base-4.7.0.0-018311399e3b6350d5be3a16b144df9b
wired-in package rts mapped to builtin_rts
wired-in package template-haskell mapped to template-haskell-2.9.0.0-dcc8c210fb02937e104bc1784d7b0f06
wired-in package dph-seq not found.
wired-in package dph-par not found.
*** Chasing dependencies:
Chasing modules from: *src/Core/IntList.hs
Stable obj: []
Stable BCO: []
Ready for upsweep
  [NONREC
      ModSummary {
         ms_hs_date = 2014-06-22 07:39:53.907583736 UTC
         ms_mod = main:Core.IntList,
         ms_textual_imps = [import (implicit) Prelude]
         ms_srcimps = []
      }]
*** Deleting temp files:
compile: input file src/Core/IntList.hs
Created temporary directory: /tmp/ghc3130_0
*** Checking old interface for main:Core.IntList:
[1 of 1] Compiling Core.IntList     ( src/Core/IntList.hs, src/Core/IntList.o )
*** Parser:

==================== Parser ====================
module Core.IntList (
        x
    ) where
x :: [Int]
x = [41, 42, 43]


*** Renamer/typechecker:
TYPE SIGNATURES
  x :: [Int]
TYPE CONSTRUCTORS
COERCION AXIOMS
Dependent modules: []
Dependent packages: [base, ghc-prim, integer-gmp]

==================== Typechecker ====================
AbsBinds [] []
  {Exports: [x <= x
               <>]
   Exported types: x :: [Int]
   Binds: x = [41, 42, 43]}

*** Desugar:

==================== Desugar (after optimization) ====================
Result size of Desugar (after optimization)
  = {terms: 11, types: 6, coercions: 0}

Core.IntList.x :: [GHC.Types.Int]
Core.IntList.x =
  GHC.Types.:
    (GHC.Types.I# 41)
    (GHC.Types.:
       (GHC.Types.I# 42) (GHC.Types.: (GHC.Types.I# 43) (GHC.Types.[])))



*** Core Linted result of Desugar (after optimization):
*** Simplifier:
SimplBind [main:Core.IntList.x{v r5} [lidx]]
Result size of Simplifier iteration=1
  = {terms: 21, types: 13, coercions: 0}
*** Core Linted result of Simplifier:
SimplBind [a{v} [lid]]
SimplBind [a{v} [lid]]
SimplBind [a{v} [lid]]
SimplBind [a{v} [lid]]
SimplBind [a{v} [lid]]
SimplBind [main:Core.IntList.x{v r5} [lidx]]

==================== Simplifier ====================
  Max iterations = 4
  SimplMode {Phase = InitialPhase [Gentle],
             no inline,
             rules,
             eta-expand,
             no case-of-case}
Result size of Simplifier = {terms: 21, types: 13, coercions: 0}

a :: GHC.Types.Int
a = GHC.Types.I# 41

a :: GHC.Types.Int
a = GHC.Types.I# 42

a :: GHC.Types.Int
a = GHC.Types.I# 43

a :: [GHC.Types.Int]
a = GHC.Types.: a (GHC.Types.[])

a :: [GHC.Types.Int]
a = GHC.Types.: a a

Core.IntList.x :: [GHC.Types.Int]
Core.IntList.x = GHC.Types.: a a



*** Core Linted result of Simplifier:
*** Specialise:

==================== Specialise ====================
Result size of Specialise = {terms: 21, types: 13, coercions: 0}

a :: GHC.Types.Int
a = GHC.Types.I# 41

a :: GHC.Types.Int
a = GHC.Types.I# 42

a :: GHC.Types.Int
a = GHC.Types.I# 43

a :: [GHC.Types.Int]
a = GHC.Types.: a (GHC.Types.[])

a :: [GHC.Types.Int]
a = GHC.Types.: a a

Core.IntList.x :: [GHC.Types.Int]
Core.IntList.x = GHC.Types.: a a



*** Core Linted result of Specialise:
*** Float out(FOS {Lam = Just 0, Consts = True, PAPs = False}):

==================== Levels added: ====================
<a,<0,0>>
<a,<0,0>> = GHC.Types.I# 41
<a,<0,0>>
<a,<0,0>> = GHC.Types.I# 42
<a,<0,0>>
<a,<0,0>> = GHC.Types.I# 43
<a,<0,0>>
<a,<0,0>> = GHC.Types.: a (GHC.Types.[])
<a,<0,0>>
<a,<0,0>> = GHC.Types.: a a
<Core.IntList.x,<0,0>>
<Core.IntList.x,<0,0>> = GHC.Types.: a a



==================== Float out(FOS {Lam = Just 0, Consts = True, PAPs = False}) ====================
Result size of Float out(FOS {Lam = Just 0,
                              Consts = True,
                              PAPs = False})
  = {terms: 21, types: 13, coercions: 0}

a :: GHC.Types.Int
a = GHC.Types.I# 41

a :: GHC.Types.Int
a = GHC.Types.I# 42

a :: GHC.Types.Int
a = GHC.Types.I# 43

a :: [GHC.Types.Int]
a = GHC.Types.: a (GHC.Types.[])

a :: [GHC.Types.Int]
a = GHC.Types.: a a

Core.IntList.x :: [GHC.Types.Int]
Core.IntList.x = GHC.Types.: a a



*** Core Linted result of Float out(FOS {Lam = Just 0, Consts = True, PAPs = False}):
*** Float inwards:

==================== Float inwards ====================
Result size of Float inwards = {terms: 21, types: 13, coercions: 0}

a :: GHC.Types.Int
a = GHC.Types.I# 41

a :: GHC.Types.Int
a = GHC.Types.I# 42

a :: GHC.Types.Int
a = GHC.Types.I# 43

a :: [GHC.Types.Int]
a = GHC.Types.: a (GHC.Types.[])

a :: [GHC.Types.Int]
a = GHC.Types.: a a

Core.IntList.x :: [GHC.Types.Int]
Core.IntList.x = GHC.Types.: a a



*** Core Linted result of Float inwards:
*** Simplifier:
SimplBind [a{v} [lid]]
SimplBind [a{v} [lid]]
SimplBind [a{v} [lid]]
SimplBind [a{v} [lid]]
SimplBind [a{v} [lid]]
SimplBind [main:Core.IntList.x{v r5} [lidx]]

==================== Simplifier ====================
  Max iterations = 4
  SimplMode {Phase = 2 [main],
             inline,
             rules,
             eta-expand,
             case-of-case}
Result size of Simplifier = {terms: 21, types: 13, coercions: 0}

a :: GHC.Types.Int
a = GHC.Types.I# 41

a :: GHC.Types.Int
a = GHC.Types.I# 42

a :: GHC.Types.Int
a = GHC.Types.I# 43

a :: [GHC.Types.Int]
a = GHC.Types.: a (GHC.Types.[])

a :: [GHC.Types.Int]
a = GHC.Types.: a a

Core.IntList.x :: [GHC.Types.Int]
Core.IntList.x = GHC.Types.: a a



*** Core Linted result of Simplifier:
*** Simplifier:
SimplBind [a{v} [lid]]
SimplBind [a{v} [lid]]
SimplBind [a{v} [lid]]
SimplBind [a{v} [lid]]
SimplBind [a{v} [lid]]
SimplBind [main:Core.IntList.x{v r5} [lidx]]

==================== Simplifier ====================
  Max iterations = 4
  SimplMode {Phase = 1 [main],
             inline,
             rules,
             eta-expand,
             case-of-case}
Result size of Simplifier = {terms: 21, types: 13, coercions: 0}

a :: GHC.Types.Int
a = GHC.Types.I# 41

a :: GHC.Types.Int
a = GHC.Types.I# 42

a :: GHC.Types.Int
a = GHC.Types.I# 43

a :: [GHC.Types.Int]
a = GHC.Types.: a (GHC.Types.[])

a :: [GHC.Types.Int]
a = GHC.Types.: a a

Core.IntList.x :: [GHC.Types.Int]
Core.IntList.x = GHC.Types.: a a



*** Core Linted result of Simplifier:
*** Simplifier:
SimplBind [a{v} [lid]]
SimplBind [a{v} [lid]]
SimplBind [a{v} [lid]]
SimplBind [a{v} [lid]]
SimplBind [a{v} [lid]]
SimplBind [main:Core.IntList.x{v r5} [lidx]]

==================== Simplifier ====================
  Max iterations = 4
  SimplMode {Phase = 0 [main],
             inline,
             rules,
             eta-expand,
             case-of-case}
Result size of Simplifier = {terms: 21, types: 13, coercions: 0}

a :: GHC.Types.Int
a = GHC.Types.I# 41

a :: GHC.Types.Int
a = GHC.Types.I# 42

a :: GHC.Types.Int
a = GHC.Types.I# 43

a :: [GHC.Types.Int]
a = GHC.Types.: a (GHC.Types.[])

a :: [GHC.Types.Int]
a = GHC.Types.: a a

Core.IntList.x :: [GHC.Types.Int]
Core.IntList.x = GHC.Types.: a a



*** Core Linted result of Simplifier:
*** Demand analysis:

==================== Demand analysis ====================
Result size of Demand analysis
  = {terms: 21, types: 13, coercions: 0}

a :: GHC.Types.Int
a = GHC.Types.I# 41

a :: GHC.Types.Int
a = GHC.Types.I# 42

a :: GHC.Types.Int
a = GHC.Types.I# 43

a :: [GHC.Types.Int]
a = GHC.Types.: a (GHC.Types.[])

a :: [GHC.Types.Int]
a = GHC.Types.: a a

Core.IntList.x :: [GHC.Types.Int]
Core.IntList.x = GHC.Types.: a a



*** Core Linted result of Demand analysis:
*** Worker Wrapper binds:

==================== Worker Wrapper binds ====================
Result size of Worker Wrapper binds
  = {terms: 21, types: 13, coercions: 0}

a :: GHC.Types.Int
a = GHC.Types.I# 41

a :: GHC.Types.Int
a = GHC.Types.I# 42

a :: GHC.Types.Int
a = GHC.Types.I# 43

a :: [GHC.Types.Int]
a = GHC.Types.: a (GHC.Types.[])

a :: [GHC.Types.Int]
a = GHC.Types.: a a

Core.IntList.x :: [GHC.Types.Int]
Core.IntList.x = GHC.Types.: a a



*** Core Linted result of Worker Wrapper binds:
*** Simplifier:
SimplBind [a{v} [lid]]
SimplBind [a{v} [lid]]
SimplBind [a{v} [lid]]
SimplBind [a{v} [lid]]
SimplBind [a{v} [lid]]
SimplBind [main:Core.IntList.x{v r5} [lidx]]

==================== Simplifier ====================
  Max iterations = 4
  SimplMode {Phase = 0 [post-worker-wrapper],
             inline,
             rules,
             eta-expand,
             case-of-case}
Result size of Simplifier = {terms: 21, types: 13, coercions: 0}

a :: GHC.Types.Int
a = GHC.Types.I# 41

a :: GHC.Types.Int
a = GHC.Types.I# 42

a :: GHC.Types.Int
a = GHC.Types.I# 43

a :: [GHC.Types.Int]
a = GHC.Types.: a (GHC.Types.[])

a :: [GHC.Types.Int]
a = GHC.Types.: a a

Core.IntList.x :: [GHC.Types.Int]
Core.IntList.x = GHC.Types.: a a



*** Core Linted result of Simplifier:
*** Float out(FOS {Lam = Just 0, Consts = True, PAPs = True}):

==================== Levels added: ====================
<a,<0,0>>
<a,<0,0>> = GHC.Types.I# 41
<a,<0,0>>
<a,<0,0>> = GHC.Types.I# 42
<a,<0,0>>
<a,<0,0>> = GHC.Types.I# 43
<a,<0,0>>
<a,<0,0>> = GHC.Types.: a (GHC.Types.[])
<a,<0,0>>
<a,<0,0>> = GHC.Types.: a a
<Core.IntList.x,<0,0>>
<Core.IntList.x,<0,0>> = GHC.Types.: a a



==================== Float out(FOS {Lam = Just 0, Consts = True, PAPs = True}) ====================
Result size of Float out(FOS {Lam = Just 0,
                              Consts = True,
                              PAPs = True})
  = {terms: 21, types: 13, coercions: 0}

a :: GHC.Types.Int
a = GHC.Types.I# 41

a :: GHC.Types.Int
a = GHC.Types.I# 42

a :: GHC.Types.Int
a = GHC.Types.I# 43

a :: [GHC.Types.Int]
a = GHC.Types.: a (GHC.Types.[])

a :: [GHC.Types.Int]
a = GHC.Types.: a a

Core.IntList.x :: [GHC.Types.Int]
Core.IntList.x = GHC.Types.: a a



*** Core Linted result of Float out(FOS {Lam = Just 0, Consts = True, PAPs = True}):
*** Common sub-expression:

==================== Common sub-expression ====================
Result size of Common sub-expression
  = {terms: 21, types: 13, coercions: 0}

a :: GHC.Types.Int
a = GHC.Types.I# 41

a :: GHC.Types.Int
a = GHC.Types.I# 42

a :: GHC.Types.Int
a = GHC.Types.I# 43

a :: [GHC.Types.Int]
a = GHC.Types.: a (GHC.Types.[])

a :: [GHC.Types.Int]
a = GHC.Types.: a a

Core.IntList.x :: [GHC.Types.Int]
Core.IntList.x = GHC.Types.: a a



*** Core Linted result of Common sub-expression:
*** Float inwards:

==================== Float inwards ====================
Result size of Float inwards = {terms: 21, types: 13, coercions: 0}

a :: GHC.Types.Int
a = GHC.Types.I# 41

a :: GHC.Types.Int
a = GHC.Types.I# 42

a :: GHC.Types.Int
a = GHC.Types.I# 43

a :: [GHC.Types.Int]
a = GHC.Types.: a (GHC.Types.[])

a :: [GHC.Types.Int]
a = GHC.Types.: a a

Core.IntList.x :: [GHC.Types.Int]
Core.IntList.x = GHC.Types.: a a



*** Core Linted result of Float inwards:
*** Liberate case:

==================== Liberate case ====================
Result size of Liberate case = {terms: 21, types: 13, coercions: 0}

a :: GHC.Types.Int
a = GHC.Types.I# 41

a :: GHC.Types.Int
a = GHC.Types.I# 42

a :: GHC.Types.Int
a = GHC.Types.I# 43

a :: [GHC.Types.Int]
a = GHC.Types.: a (GHC.Types.[])

a :: [GHC.Types.Int]
a = GHC.Types.: a a

Core.IntList.x :: [GHC.Types.Int]
Core.IntList.x = GHC.Types.: a a



*** Core Linted result of Liberate case:
*** Simplifier:
SimplBind [a{v} [lid]]
SimplBind [a{v} [lid]]
SimplBind [a{v} [lid]]
SimplBind [a{v} [lid]]
SimplBind [a{v} [lid]]
SimplBind [main:Core.IntList.x{v r5} [lidx]]

==================== Simplifier ====================
  Max iterations = 4
  SimplMode {Phase = 0 [post-liberate-case],
             inline,
             rules,
             eta-expand,
             case-of-case}
Result size of Simplifier = {terms: 21, types: 13, coercions: 0}

a :: GHC.Types.Int
a = GHC.Types.I# 41

a :: GHC.Types.Int
a = GHC.Types.I# 42

a :: GHC.Types.Int
a = GHC.Types.I# 43

a :: [GHC.Types.Int]
a = GHC.Types.: a (GHC.Types.[])

a :: [GHC.Types.Int]
a = GHC.Types.: a a

Core.IntList.x :: [GHC.Types.Int]
Core.IntList.x = GHC.Types.: a a



*** Core Linted result of Simplifier:
*** SpecConstr:

==================== SpecConstr ====================
Result size of SpecConstr = {terms: 21, types: 13, coercions: 0}

a :: GHC.Types.Int
a = GHC.Types.I# 41

a :: GHC.Types.Int
a = GHC.Types.I# 42

a :: GHC.Types.Int
a = GHC.Types.I# 43

a :: [GHC.Types.Int]
a = GHC.Types.: a (GHC.Types.[])

a :: [GHC.Types.Int]
a = GHC.Types.: a a

Core.IntList.x :: [GHC.Types.Int]
Core.IntList.x = GHC.Types.: a a



*** Core Linted result of SpecConstr:
*** Simplifier:
SimplBind [a{v} [lid]]
SimplBind [a{v} [lid]]
SimplBind [a{v} [lid]]
SimplBind [a{v} [lid]]
SimplBind [a{v} [lid]]
SimplBind [main:Core.IntList.x{v r5} [lidx]]

==================== Simplifier ====================
  Max iterations = 4
  SimplMode {Phase = 0 [final],
             inline,
             rules,
             eta-expand,
             case-of-case}
Result size of Simplifier = {terms: 21, types: 13, coercions: 0}

a :: GHC.Types.Int
a = GHC.Types.I# 41

a :: GHC.Types.Int
a = GHC.Types.I# 42

a :: GHC.Types.Int
a = GHC.Types.I# 43

a :: [GHC.Types.Int]
a = GHC.Types.: a (GHC.Types.[])

a :: [GHC.Types.Int]
a = GHC.Types.: a a

Core.IntList.x :: [GHC.Types.Int]
Core.IntList.x = GHC.Types.: a a



*** Core Linted result of Simplifier:
*** Tidy Core:

==================== Tidy Core ====================
Result size of Tidy Core = {terms: 21, types: 13, coercions: 0}

Core.IntList.x5 :: GHC.Types.Int
Core.IntList.x5 = GHC.Types.I# 41

Core.IntList.x4 :: GHC.Types.Int
Core.IntList.x4 = GHC.Types.I# 42

Core.IntList.x3 :: GHC.Types.Int
Core.IntList.x3 = GHC.Types.I# 43

Core.IntList.x2 :: [GHC.Types.Int]
Core.IntList.x2 = GHC.Types.: Core.IntList.x3 (GHC.Types.[])

Core.IntList.x1 :: [GHC.Types.Int]
Core.IntList.x1 = GHC.Types.: Core.IntList.x4 Core.IntList.x2

Core.IntList.x :: [GHC.Types.Int]
Core.IntList.x = GHC.Types.: Core.IntList.x5 Core.IntList.x1



*** Core Linted result of Tidy Core:
*** CorePrep:

==================== CorePrep ====================
Result size of CorePrep = {terms: 21, types: 13, coercions: 0}

Core.IntList.x5 :: GHC.Types.Int
Core.IntList.x5 = GHC.Types.I# 41

Core.IntList.x4 :: GHC.Types.Int
Core.IntList.x4 = GHC.Types.I# 42

Core.IntList.x3 :: GHC.Types.Int
Core.IntList.x3 = GHC.Types.I# 43

Core.IntList.x2 :: [GHC.Types.Int]
Core.IntList.x2 = GHC.Types.: Core.IntList.x3 (GHC.Types.[])

Core.IntList.x1 :: [GHC.Types.Int]
Core.IntList.x1 = GHC.Types.: Core.IntList.x4 Core.IntList.x2

Core.IntList.x :: [GHC.Types.Int]
Core.IntList.x = GHC.Types.: Core.IntList.x5 Core.IntList.x1



*** Core Linted result of CorePrep:
*** Stg2Stg:

==================== STG syntax: ====================
Core.IntList.x5 :: GHC.Types.Int = NO_CCS GHC.Types.I#! [41];
Core.IntList.x4 :: GHC.Types.Int = NO_CCS GHC.Types.I#! [42];
Core.IntList.x3 :: GHC.Types.Int = NO_CCS GHC.Types.I#! [43];
Core.IntList.x2 :: [GHC.Types.Int] =
    NO_CCS :! [Core.IntList.x3 GHC.Types.[]];
Core.IntList.x1 :: [GHC.Types.Int] =
    NO_CCS :! [Core.IntList.x4 Core.IntList.x2];
Core.IntList.x :: [GHC.Types.Int] =
    NO_CCS :! [Core.IntList.x5 Core.IntList.x1];


*** CodeOutput:
*** New CodeGen:
*** CPSZ:
*** CPSZ:
*** CPSZ:
*** CPSZ:
*** CPSZ:
*** CPSZ:
*** CPSZ:
*** Assembler:
Upsweep completely successful.
*** Deleting temp files:
Warning: deleting non-existent /tmp/ghc3130_0/ghc3130_3.c
Warning: deleting non-existent /tmp/ghc3130_0/ghc3130_1.s
*** Deleting temp files:
*** Deleting temp dirs:
